2023-12-29 21:38:55,485 [INFO] org.studyeasy.SpringBlog.SpringBlogApplication [restartedMain] Starting SpringBlogApplication using Java 17.0.9 on LAPTOP-UDA55URV with PID 8952 (C:\Users\patle\Desktop\Blog_Application\target\classes started by patle in C:\Users\patle\Desktop\Blog_Application)
2023-12-29 21:38:55,516 [DEBUG] org.studyeasy.SpringBlog.SpringBlogApplication [restartedMain] Running with Spring Boot v2.7.6, Spring v5.3.24
2023-12-29 21:38:55,589 [INFO] org.studyeasy.SpringBlog.SpringBlogApplication [restartedMain] No active profile set, falling back to 1 default profile: "default"
2023-12-29 21:38:55,947 [INFO] org.springframework.boot.devtools.env.DevToolsPropertyDefaultsPostProcessor [restartedMain] Devtools property defaults active! Set 'spring.devtools.add-properties' to 'false' to disable
2023-12-29 21:38:55,955 [INFO] org.springframework.boot.devtools.env.DevToolsPropertyDefaultsPostProcessor [restartedMain] For additional web related logging consider setting the 'logging.level.web' property to 'DEBUG'
2023-12-29 21:38:59,813 [INFO] org.springframework.data.repository.config.RepositoryConfigurationDelegate [restartedMain] Bootstrapping Spring Data JPA repositories in DEFAULT mode.
2023-12-29 21:39:00,114 [INFO] org.springframework.data.repository.config.RepositoryConfigurationDelegate [restartedMain] Finished Spring Data repository scanning in 278 ms. Found 3 JPA repository interfaces.
2023-12-29 21:39:02,114 [INFO] org.springframework.boot.web.embedded.tomcat.TomcatWebServer [restartedMain] Tomcat initialized with port(s): 8080 (http)
2023-12-29 21:39:02,138 [INFO] org.apache.catalina.core.StandardService [restartedMain] Starting service [Tomcat]
2023-12-29 21:39:02,138 [INFO] org.apache.catalina.core.StandardEngine [restartedMain] Starting Servlet engine: [Apache Tomcat/9.0.69]
2023-12-29 21:39:02,340 [INFO] org.apache.catalina.core.ContainerBase.[Tomcat].[localhost].[/] [restartedMain] Initializing Spring embedded WebApplicationContext
2023-12-29 21:39:02,340 [INFO] org.springframework.boot.web.servlet.context.ServletWebServerApplicationContext [restartedMain] Root WebApplicationContext: initialization completed in 6385 ms
2023-12-29 21:39:02,420 [INFO] com.zaxxer.hikari.HikariDataSource [restartedMain] HikariPool-1 - Starting...
2023-12-29 21:39:02,933 [INFO] com.zaxxer.hikari.HikariDataSource [restartedMain] HikariPool-1 - Start completed.
2023-12-29 21:39:02,972 [INFO] org.springframework.boot.autoconfigure.h2.H2ConsoleAutoConfiguration [restartedMain] H2 console available at '/db-console'. Database available at 'jdbc:h2:file:./db/blogdb'
2023-12-29 21:39:03,347 [INFO] org.hibernate.jpa.internal.util.LogHelper [restartedMain] HHH000204: Processing PersistenceUnitInfo [name: default]
2023-12-29 21:39:03,493 [INFO] org.hibernate.Version [restartedMain] HHH000412: Hibernate ORM core version 5.6.14.Final
2023-12-29 21:39:04,070 [INFO] org.hibernate.annotations.common.Version [restartedMain] HCANN000001: Hibernate Commons Annotations {5.1.2.Final}
2023-12-29 21:39:04,285 [INFO] org.hibernate.dialect.Dialect [restartedMain] HHH000400: Using dialect: org.hibernate.dialect.H2Dialect
2023-12-29 21:39:05,978 [INFO] org.hibernate.engine.transaction.jta.platform.internal.JtaPlatformInitiator [restartedMain] HHH000490: Using JtaPlatform implementation: [org.hibernate.engine.transaction.jta.platform.internal.NoJtaPlatform]
2023-12-29 21:39:06,006 [INFO] org.springframework.orm.jpa.LocalContainerEntityManagerFactoryBean [restartedMain] Initialized JPA EntityManagerFactory for persistence unit 'default'
2023-12-29 21:39:07,820 [INFO] org.springframework.security.web.DefaultSecurityFilterChain [restartedMain] Will secure any request with [org.springframework.security.web.session.DisableEncodeUrlFilter@3f46d8c9, org.springframework.security.web.context.request.async.WebAsyncManagerIntegrationFilter@386e0c53, org.springframework.security.web.context.SecurityContextPersistenceFilter@69b21e8b, org.springframework.security.web.header.HeaderWriterFilter@4a17be98, org.springframework.security.web.authentication.logout.LogoutFilter@5976cf8f, org.springframework.security.web.authentication.UsernamePasswordAuthenticationFilter@a1ba12b, org.springframework.security.web.authentication.www.BasicAuthenticationFilter@11af139e, org.springframework.security.web.savedrequest.RequestCacheAwareFilter@6ec86a32, org.springframework.security.web.servletapi.SecurityContextHolderAwareRequestFilter@4679037, org.springframework.security.web.authentication.rememberme.RememberMeAuthenticationFilter@3eab279d, org.springframework.security.web.authentication.AnonymousAuthenticationFilter@51b4cb23, org.springframework.security.web.session.SessionManagementFilter@6b662c58, org.springframework.security.web.access.ExceptionTranslationFilter@916c091, org.springframework.security.web.access.intercept.AuthorizationFilter@336df800]
2023-12-29 21:39:08,063 [WARN] org.springframework.boot.autoconfigure.orm.jpa.JpaBaseConfiguration$JpaWebConfiguration [restartedMain] spring.jpa.open-in-view is enabled by default. Therefore, database queries may be performed during view rendering. Explicitly configure spring.jpa.open-in-view to disable this warning
2023-12-29 21:39:10,047 [INFO] org.springframework.boot.devtools.autoconfigure.OptionalLiveReloadServer [restartedMain] LiveReload server is running on port 35729
2023-12-29 21:39:10,232 [INFO] org.springframework.boot.web.embedded.tomcat.TomcatWebServer [restartedMain] Tomcat started on port(s): 8080 (http) with context path ''
2023-12-29 21:39:10,257 [INFO] org.studyeasy.SpringBlog.SpringBlogApplication [restartedMain] Started SpringBlogApplication in 17.405 seconds (JVM running for 19.957)
2023-12-29 21:39:36,733 [INFO] org.apache.catalina.core.ContainerBase.[Tomcat].[localhost].[/] [http-nio-8080-exec-2] Initializing Spring DispatcherServlet 'dispatcherServlet'
2023-12-29 21:39:36,733 [INFO] org.springframework.web.servlet.DispatcherServlet [http-nio-8080-exec-2] Initializing Servlet 'dispatcherServlet'
2023-12-29 21:39:36,741 [INFO] org.springframework.web.servlet.DispatcherServlet [http-nio-8080-exec-2] Completed initialization in 8 ms
2023-12-29 21:40:32,330 [WARN] org.springframework.web.servlet.PageNotFound [http-nio-8080-exec-1] No mapping for GET /favicon.ico
2023-12-29 21:45:35,805 [WARN] org.springframework.web.servlet.PageNotFound [http-nio-8080-exec-7] No mapping for GET /index.html
2023-12-29 21:45:35,907 [WARN] org.springframework.web.servlet.PageNotFound [http-nio-8080-exec-5] No mapping for GET /favicon.ico
2023-12-29 21:45:43,442 [WARN] org.springframework.web.servlet.PageNotFound [http-nio-8080-exec-2] No mapping for GET /index.html
2023-12-29 21:46:11,495 [WARN] org.springframework.web.servlet.PageNotFound [http-nio-8080-exec-10] No mapping for GET /api/v1
2023-12-29 21:46:25,024 [ERROR] org.studyeasy.SpringBlog.controller.HomeRestController [http-nio-8080-exec-8] This is a test error log
2023-12-29 21:46:37,358 [ERROR] org.studyeasy.SpringBlog.controller.HomeRestController [http-nio-8080-exec-3] This is a test error log
2023-12-29 21:46:37,545 [INFO] org.springframework.boot.devtools.autoconfigure.LocalDevToolsAutoConfiguration$RestartingClassPathChangeChangedEventListener [File Watcher] Restarting due to 1 class path change (0 additions, 0 deletions, 1 modification)
2023-12-29 21:46:37,585 [INFO] org.apache.catalina.core.StandardService [Thread-6] Stopping service [Tomcat]
2023-12-29 21:46:37,589 [INFO] org.apache.catalina.core.ContainerBase.[Tomcat].[localhost].[/] [Thread-6] Destroying Spring FrameworkServlet 'dispatcherServlet'
2023-12-29 21:46:37,624 [INFO] org.springframework.orm.jpa.LocalContainerEntityManagerFactoryBean [Thread-6] Closing JPA EntityManagerFactory for persistence unit 'default'
2023-12-29 21:46:37,631 [INFO] com.zaxxer.hikari.HikariDataSource [Thread-6] HikariPool-1 - Shutdown initiated...
2023-12-29 21:46:37,641 [INFO] com.zaxxer.hikari.HikariDataSource [Thread-6] HikariPool-1 - Shutdown completed.
2023-12-29 21:46:37,859 [INFO] org.studyeasy.SpringBlog.SpringBlogApplication [restartedMain] Starting SpringBlogApplication using Java 17.0.9 on LAPTOP-UDA55URV with PID 8952 (C:\Users\patle\Desktop\Blog_Application\target\classes started by patle in C:\Users\patle\Desktop\Blog_Application)
2023-12-29 21:46:37,860 [DEBUG] org.studyeasy.SpringBlog.SpringBlogApplication [restartedMain] Running with Spring Boot v2.7.6, Spring v5.3.24
2023-12-29 21:46:37,861 [INFO] org.studyeasy.SpringBlog.SpringBlogApplication [restartedMain] No active profile set, falling back to 1 default profile: "default"
2023-12-29 21:46:38,236 [INFO] org.springframework.data.repository.config.RepositoryConfigurationDelegate [restartedMain] Bootstrapping Spring Data JPA repositories in DEFAULT mode.
2023-12-29 21:46:38,272 [INFO] org.springframework.data.repository.config.RepositoryConfigurationDelegate [restartedMain] Finished Spring Data repository scanning in 34 ms. Found 3 JPA repository interfaces.
2023-12-29 21:46:38,456 [INFO] org.springframework.boot.web.embedded.tomcat.TomcatWebServer [restartedMain] Tomcat initialized with port(s): 8080 (http)
2023-12-29 21:46:38,458 [INFO] org.apache.catalina.core.StandardService [restartedMain] Starting service [Tomcat]
2023-12-29 21:46:38,459 [INFO] org.apache.catalina.core.StandardEngine [restartedMain] Starting Servlet engine: [Apache Tomcat/9.0.69]
2023-12-29 21:46:38,510 [INFO] org.apache.catalina.core.ContainerBase.[Tomcat].[localhost].[/] [restartedMain] Initializing Spring embedded WebApplicationContext
2023-12-29 21:46:38,511 [INFO] org.springframework.boot.web.servlet.context.ServletWebServerApplicationContext [restartedMain] Root WebApplicationContext: initialization completed in 644 ms
2023-12-29 21:46:38,528 [INFO] com.zaxxer.hikari.HikariDataSource [restartedMain] HikariPool-2 - Starting...
2023-12-29 21:46:38,544 [INFO] com.zaxxer.hikari.HikariDataSource [restartedMain] HikariPool-2 - Start completed.
2023-12-29 21:46:38,544 [INFO] org.springframework.boot.autoconfigure.h2.H2ConsoleAutoConfiguration [restartedMain] H2 console available at '/db-console'. Database available at 'jdbc:h2:file:./db/blogdb'
2023-12-29 21:46:38,615 [INFO] org.hibernate.jpa.internal.util.LogHelper [restartedMain] HHH000204: Processing PersistenceUnitInfo [name: default]
2023-12-29 21:46:38,627 [INFO] org.hibernate.dialect.Dialect [restartedMain] HHH000400: Using dialect: org.hibernate.dialect.H2Dialect
2023-12-29 21:46:38,752 [INFO] org.hibernate.engine.transaction.jta.platform.internal.JtaPlatformInitiator [restartedMain] HHH000490: Using JtaPlatform implementation: [org.hibernate.engine.transaction.jta.platform.internal.NoJtaPlatform]
2023-12-29 21:46:38,753 [INFO] org.springframework.orm.jpa.LocalContainerEntityManagerFactoryBean [restartedMain] Initialized JPA EntityManagerFactory for persistence unit 'default'
2023-12-29 21:46:39,081 [INFO] org.springframework.security.web.DefaultSecurityFilterChain [restartedMain] Will secure any request with [org.springframework.security.web.session.DisableEncodeUrlFilter@6c79e92f, org.springframework.security.web.context.request.async.WebAsyncManagerIntegrationFilter@5d8328b0, org.springframework.security.web.context.SecurityContextPersistenceFilter@6c9d2cd7, org.springframework.security.web.header.HeaderWriterFilter@5b1f0ed8, org.springframework.security.web.authentication.logout.LogoutFilter@5ab18ed7, org.springframework.security.web.authentication.UsernamePasswordAuthenticationFilter@c37af87, org.springframework.security.web.authentication.www.BasicAuthenticationFilter@1da02e9e, org.springframework.security.web.savedrequest.RequestCacheAwareFilter@3ee94e2e, org.springframework.security.web.servletapi.SecurityContextHolderAwareRequestFilter@1da3fee5, org.springframework.security.web.authentication.rememberme.RememberMeAuthenticationFilter@5a265fe0, org.springframework.security.web.authentication.AnonymousAuthenticationFilter@35b2a5bf, org.springframework.security.web.session.SessionManagementFilter@72260105, org.springframework.security.web.access.ExceptionTranslationFilter@2c2fc133, org.springframework.security.web.access.intercept.AuthorizationFilter@2c0bb479]
2023-12-29 21:46:39,108 [WARN] org.springframework.boot.autoconfigure.orm.jpa.JpaBaseConfiguration$JpaWebConfiguration [restartedMain] spring.jpa.open-in-view is enabled by default. Therefore, database queries may be performed during view rendering. Explicitly configure spring.jpa.open-in-view to disable this warning
2023-12-29 21:46:39,519 [INFO] org.springframework.boot.devtools.autoconfigure.OptionalLiveReloadServer [restartedMain] LiveReload server is running on port 35729
2023-12-29 21:46:39,539 [INFO] org.springframework.boot.web.embedded.tomcat.TomcatWebServer [restartedMain] Tomcat started on port(s): 8080 (http) with context path ''
2023-12-29 21:46:39,555 [INFO] org.studyeasy.SpringBlog.SpringBlogApplication [restartedMain] Started SpringBlogApplication in 1.762 seconds (JVM running for 469.257)
2023-12-29 21:46:39,691 [INFO] org.apache.catalina.core.ContainerBase.[Tomcat].[localhost].[/] [http-nio-8080-exec-1] Initializing Spring DispatcherServlet 'dispatcherServlet'
2023-12-29 21:46:39,691 [INFO] org.springframework.web.servlet.DispatcherServlet [http-nio-8080-exec-1] Initializing Servlet 'dispatcherServlet'
2023-12-29 21:46:39,698 [INFO] org.springframework.web.servlet.DispatcherServlet [http-nio-8080-exec-1] Completed initialization in 7 ms
2023-12-29 21:46:39,698 [WARN] org.springframework.web.servlet.PageNotFound [http-nio-8080-exec-1] No mapping for GET /api/v1/
2023-12-29 21:46:40,134 [INFO] org.springframework.boot.devtools.autoconfigure.ConditionEvaluationDeltaLoggingListener [restartedMain] Condition evaluation unchanged
2023-12-29 21:46:59,612 [INFO] org.springframework.boot.devtools.autoconfigure.LocalDevToolsAutoConfiguration$RestartingClassPathChangeChangedEventListener [File Watcher] Restarting due to 1 class path change (0 additions, 0 deletions, 1 modification)
2023-12-29 21:46:59,660 [INFO] org.apache.catalina.core.StandardService [Thread-8] Stopping service [Tomcat]
2023-12-29 21:46:59,663 [INFO] org.apache.catalina.core.ContainerBase.[Tomcat].[localhost].[/] [Thread-8] Destroying Spring FrameworkServlet 'dispatcherServlet'
2023-12-29 21:46:59,689 [INFO] org.springframework.orm.jpa.LocalContainerEntityManagerFactoryBean [Thread-8] Closing JPA EntityManagerFactory for persistence unit 'default'
2023-12-29 21:46:59,693 [INFO] com.zaxxer.hikari.HikariDataSource [Thread-8] HikariPool-2 - Shutdown initiated...
2023-12-29 21:46:59,762 [INFO] com.zaxxer.hikari.HikariDataSource [Thread-8] HikariPool-2 - Shutdown completed.
2023-12-29 21:46:59,883 [INFO] org.studyeasy.SpringBlog.SpringBlogApplication [restartedMain] Starting SpringBlogApplication using Java 17.0.9 on LAPTOP-UDA55URV with PID 8952 (C:\Users\patle\Desktop\Blog_Application\target\classes started by patle in C:\Users\patle\Desktop\Blog_Application)
2023-12-29 21:46:59,884 [DEBUG] org.studyeasy.SpringBlog.SpringBlogApplication [restartedMain] Running with Spring Boot v2.7.6, Spring v5.3.24
2023-12-29 21:46:59,884 [INFO] org.studyeasy.SpringBlog.SpringBlogApplication [restartedMain] No active profile set, falling back to 1 default profile: "default"
2023-12-29 21:47:00,233 [INFO] org.springframework.data.repository.config.RepositoryConfigurationDelegate [restartedMain] Bootstrapping Spring Data JPA repositories in DEFAULT mode.
2023-12-29 21:47:00,269 [INFO] org.springframework.data.repository.config.RepositoryConfigurationDelegate [restartedMain] Finished Spring Data repository scanning in 35 ms. Found 3 JPA repository interfaces.
2023-12-29 21:47:00,449 [INFO] org.springframework.boot.web.embedded.tomcat.TomcatWebServer [restartedMain] Tomcat initialized with port(s): 8080 (http)
2023-12-29 21:47:00,450 [INFO] org.apache.catalina.core.StandardService [restartedMain] Starting service [Tomcat]
2023-12-29 21:47:00,451 [INFO] org.apache.catalina.core.StandardEngine [restartedMain] Starting Servlet engine: [Apache Tomcat/9.0.69]
2023-12-29 21:47:00,502 [INFO] org.apache.catalina.core.ContainerBase.[Tomcat].[localhost].[/] [restartedMain] Initializing Spring embedded WebApplicationContext
2023-12-29 21:47:00,503 [INFO] org.springframework.boot.web.servlet.context.ServletWebServerApplicationContext [restartedMain] Root WebApplicationContext: initialization completed in 614 ms
2023-12-29 21:47:00,525 [INFO] com.zaxxer.hikari.HikariDataSource [restartedMain] HikariPool-3 - Starting...
2023-12-29 21:47:00,579 [INFO] com.zaxxer.hikari.HikariDataSource [restartedMain] HikariPool-3 - Start completed.
2023-12-29 21:47:00,580 [INFO] org.springframework.boot.autoconfigure.h2.H2ConsoleAutoConfiguration [restartedMain] H2 console available at '/db-console'. Database available at 'jdbc:h2:file:./db/blogdb'
2023-12-29 21:47:00,680 [INFO] org.hibernate.jpa.internal.util.LogHelper [restartedMain] HHH000204: Processing PersistenceUnitInfo [name: default]
2023-12-29 21:47:00,704 [INFO] org.hibernate.dialect.Dialect [restartedMain] HHH000400: Using dialect: org.hibernate.dialect.H2Dialect
2023-12-29 21:47:00,891 [INFO] org.hibernate.engine.transaction.jta.platform.internal.JtaPlatformInitiator [restartedMain] HHH000490: Using JtaPlatform implementation: [org.hibernate.engine.transaction.jta.platform.internal.NoJtaPlatform]
2023-12-29 21:47:00,893 [INFO] org.springframework.orm.jpa.LocalContainerEntityManagerFactoryBean [restartedMain] Initialized JPA EntityManagerFactory for persistence unit 'default'
2023-12-29 21:47:01,290 [WARN] org.springframework.boot.web.servlet.context.AnnotationConfigServletWebServerApplicationContext [restartedMain] Exception encountered during context initialization - cancelling refresh attempt: org.springframework.beans.factory.BeanCreationException: Error creating bean with name 'homeRestController' defined in file [C:\Users\patle\Desktop\Blog_Application\target\classes\org\studyeasy\SpringBlog\controller\HomeRestController.class]: Instantiation of bean failed; nested exception is org.springframework.beans.BeanInstantiationException: Failed to instantiate [org.studyeasy.SpringBlog.controller.HomeRestController]: Constructor threw exception; nested exception is java.lang.Error: Unresolved compilation problem: 
	Syntax error on token "return", delete this token

2023-12-29 21:47:01,292 [INFO] org.springframework.orm.jpa.LocalContainerEntityManagerFactoryBean [restartedMain] Closing JPA EntityManagerFactory for persistence unit 'default'
2023-12-29 21:47:01,298 [INFO] com.zaxxer.hikari.HikariDataSource [restartedMain] HikariPool-3 - Shutdown initiated...
2023-12-29 21:47:01,351 [INFO] com.zaxxer.hikari.HikariDataSource [restartedMain] HikariPool-3 - Shutdown completed.
2023-12-29 21:47:01,359 [INFO] org.apache.catalina.core.StandardService [restartedMain] Stopping service [Tomcat]
2023-12-29 21:47:01,367 [INFO] org.springframework.boot.autoconfigure.logging.ConditionEvaluationReportLoggingListener [restartedMain] 

Error starting ApplicationContext. To display the conditions report re-run your application with 'debug' enabled.
2023-12-29 21:47:01,526 [ERROR] org.springframework.boot.SpringApplication [restartedMain] Application run failed
org.springframework.beans.factory.BeanCreationException: Error creating bean with name 'homeRestController' defined in file [C:\Users\patle\Desktop\Blog_Application\target\classes\org\studyeasy\SpringBlog\controller\HomeRestController.class]: Instantiation of bean failed; nested exception is org.springframework.beans.BeanInstantiationException: Failed to instantiate [org.studyeasy.SpringBlog.controller.HomeRestController]: Constructor threw exception; nested exception is java.lang.Error: Unresolved compilation problem: 
	Syntax error on token "return", delete this token

	at org.springframework.beans.factory.support.AbstractAutowireCapableBeanFactory.instantiateBean(AbstractAutowireCapableBeanFactory.java:1334) ~[spring-beans-5.3.24.jar:5.3.24]
	at org.springframework.beans.factory.support.AbstractAutowireCapableBeanFactory.createBeanInstance(AbstractAutowireCapableBeanFactory.java:1232) ~[spring-beans-5.3.24.jar:5.3.24]
	at org.springframework.beans.factory.support.AbstractAutowireCapableBeanFactory.doCreateBean(AbstractAutowireCapableBeanFactory.java:582) ~[spring-beans-5.3.24.jar:5.3.24]
	at org.springframework.beans.factory.support.AbstractAutowireCapableBeanFactory.createBean(AbstractAutowireCapableBeanFactory.java:542) ~[spring-beans-5.3.24.jar:5.3.24]
	at org.springframework.beans.factory.support.AbstractBeanFactory.lambda$doGetBean$0(AbstractBeanFactory.java:335) ~[spring-beans-5.3.24.jar:5.3.24]
	at org.springframework.beans.factory.support.DefaultSingletonBeanRegistry.getSingleton(DefaultSingletonBeanRegistry.java:234) ~[spring-beans-5.3.24.jar:5.3.24]
	at org.springframework.beans.factory.support.AbstractBeanFactory.doGetBean(AbstractBeanFactory.java:333) ~[spring-beans-5.3.24.jar:5.3.24]
	at org.springframework.beans.factory.support.AbstractBeanFactory.getBean(AbstractBeanFactory.java:208) ~[spring-beans-5.3.24.jar:5.3.24]
	at org.springframework.beans.factory.support.DefaultListableBeanFactory.preInstantiateSingletons(DefaultListableBeanFactory.java:955) ~[spring-beans-5.3.24.jar:5.3.24]
	at org.springframework.context.support.AbstractApplicationContext.finishBeanFactoryInitialization(AbstractApplicationContext.java:918) ~[spring-context-5.3.24.jar:5.3.24]
	at org.springframework.context.support.AbstractApplicationContext.refresh(AbstractApplicationContext.java:583) ~[spring-context-5.3.24.jar:5.3.24]
	at org.springframework.boot.web.servlet.context.ServletWebServerApplicationContext.refresh(ServletWebServerApplicationContext.java:147) ~[spring-boot-2.7.6.jar:2.7.6]
	at org.springframework.boot.SpringApplication.refresh(SpringApplication.java:731) ~[spring-boot-2.7.6.jar:2.7.6]
	at org.springframework.boot.SpringApplication.refreshContext(SpringApplication.java:408) ~[spring-boot-2.7.6.jar:2.7.6]
	at org.springframework.boot.SpringApplication.run(SpringApplication.java:307) ~[spring-boot-2.7.6.jar:2.7.6]
	at org.springframework.boot.SpringApplication.run(SpringApplication.java:1303) ~[spring-boot-2.7.6.jar:2.7.6]
	at org.springframework.boot.SpringApplication.run(SpringApplication.java:1292) ~[spring-boot-2.7.6.jar:2.7.6]
	at org.studyeasy.SpringBlog.SpringBlogApplication.main(SpringBlogApplication.java:10) ~[classes/:na]
	at java.base/jdk.internal.reflect.NativeMethodAccessorImpl.invoke0(Native Method) ~[na:na]
	at java.base/jdk.internal.reflect.NativeMethodAccessorImpl.invoke(NativeMethodAccessorImpl.java:77) ~[na:na]
	at java.base/jdk.internal.reflect.DelegatingMethodAccessorImpl.invoke(DelegatingMethodAccessorImpl.java:43) ~[na:na]
	at java.base/java.lang.reflect.Method.invoke(Method.java:568) ~[na:na]
	at org.springframework.boot.devtools.restart.RestartLauncher.run(RestartLauncher.java:49) ~[spring-boot-devtools-2.7.6.jar:2.7.6]
Caused by: org.springframework.beans.BeanInstantiationException: Failed to instantiate [org.studyeasy.SpringBlog.controller.HomeRestController]: Constructor threw exception; nested exception is java.lang.Error: Unresolved compilation problem: 
	Syntax error on token "return", delete this token

	at org.springframework.beans.BeanUtils.instantiateClass(BeanUtils.java:224) ~[spring-beans-5.3.24.jar:5.3.24]
	at org.springframework.beans.factory.support.SimpleInstantiationStrategy.instantiate(SimpleInstantiationStrategy.java:87) ~[spring-beans-5.3.24.jar:5.3.24]
	at org.springframework.beans.factory.support.AbstractAutowireCapableBeanFactory.instantiateBean(AbstractAutowireCapableBeanFactory.java:1326) ~[spring-beans-5.3.24.jar:5.3.24]
	... 22 common frames omitted
Caused by: java.lang.Error: Unresolved compilation problem: 
	Syntax error on token "return", delete this token

	at org.studyeasy.SpringBlog.controller.HomeRestController.<init>(HomeRestController.java:22) ~[classes/:na]
	at java.base/jdk.internal.reflect.NativeConstructorAccessorImpl.newInstance0(Native Method) ~[na:na]
	at java.base/jdk.internal.reflect.NativeConstructorAccessorImpl.newInstance(NativeConstructorAccessorImpl.java:77) ~[na:na]
	at java.base/jdk.internal.reflect.DelegatingConstructorAccessorImpl.newInstance(DelegatingConstructorAccessorImpl.java:45) ~[na:na]
	at java.base/java.lang.reflect.Constructor.newInstanceWithCaller(Constructor.java:499) ~[na:na]
	at java.base/java.lang.reflect.Constructor.newInstance(Constructor.java:480) ~[na:na]
	at org.springframework.beans.BeanUtils.instantiateClass(BeanUtils.java:211) ~[spring-beans-5.3.24.jar:5.3.24]
	... 24 common frames omitted
2023-12-29 21:47:04,244 [INFO] org.studyeasy.SpringBlog.SpringBlogApplication [restartedMain] Starting SpringBlogApplication using Java 17.0.9 on LAPTOP-UDA55URV with PID 8952 (C:\Users\patle\Desktop\Blog_Application\target\classes started by patle in C:\Users\patle\Desktop\Blog_Application)
2023-12-29 21:47:04,245 [DEBUG] org.studyeasy.SpringBlog.SpringBlogApplication [restartedMain] Running with Spring Boot v2.7.6, Spring v5.3.24
2023-12-29 21:47:04,246 [INFO] org.studyeasy.SpringBlog.SpringBlogApplication [restartedMain] No active profile set, falling back to 1 default profile: "default"
2023-12-29 21:47:04,651 [INFO] org.springframework.data.repository.config.RepositoryConfigurationDelegate [restartedMain] Bootstrapping Spring Data JPA repositories in DEFAULT mode.
2023-12-29 21:47:04,694 [INFO] org.springframework.data.repository.config.RepositoryConfigurationDelegate [restartedMain] Finished Spring Data repository scanning in 41 ms. Found 3 JPA repository interfaces.
2023-12-29 21:47:04,910 [INFO] org.springframework.boot.web.embedded.tomcat.TomcatWebServer [restartedMain] Tomcat initialized with port(s): 8080 (http)
2023-12-29 21:47:04,912 [INFO] org.apache.catalina.core.StandardService [restartedMain] Starting service [Tomcat]
2023-12-29 21:47:04,914 [INFO] org.apache.catalina.core.StandardEngine [restartedMain] Starting Servlet engine: [Apache Tomcat/9.0.69]
2023-12-29 21:47:04,988 [INFO] org.apache.catalina.core.ContainerBase.[Tomcat-1].[localhost].[/] [restartedMain] Initializing Spring embedded WebApplicationContext
2023-12-29 21:47:04,989 [INFO] org.springframework.boot.web.servlet.context.ServletWebServerApplicationContext [restartedMain] Root WebApplicationContext: initialization completed in 738 ms
2023-12-29 21:47:05,014 [INFO] com.zaxxer.hikari.HikariDataSource [restartedMain] HikariPool-4 - Starting...
2023-12-29 21:47:05,055 [INFO] com.zaxxer.hikari.HikariDataSource [restartedMain] HikariPool-4 - Start completed.
2023-12-29 21:47:05,057 [INFO] org.springframework.boot.autoconfigure.h2.H2ConsoleAutoConfiguration [restartedMain] H2 console available at '/db-console'. Database available at 'jdbc:h2:file:./db/blogdb'
2023-12-29 21:47:05,175 [INFO] org.hibernate.jpa.internal.util.LogHelper [restartedMain] HHH000204: Processing PersistenceUnitInfo [name: default]
2023-12-29 21:47:05,182 [INFO] org.hibernate.dialect.Dialect [restartedMain] HHH000400: Using dialect: org.hibernate.dialect.H2Dialect
2023-12-29 21:47:05,345 [INFO] org.hibernate.engine.transaction.jta.platform.internal.JtaPlatformInitiator [restartedMain] HHH000490: Using JtaPlatform implementation: [org.hibernate.engine.transaction.jta.platform.internal.NoJtaPlatform]
2023-12-29 21:47:05,345 [INFO] org.springframework.orm.jpa.LocalContainerEntityManagerFactoryBean [restartedMain] Initialized JPA EntityManagerFactory for persistence unit 'default'
2023-12-29 21:47:05,713 [INFO] org.springframework.security.web.DefaultSecurityFilterChain [restartedMain] Will secure any request with [org.springframework.security.web.session.DisableEncodeUrlFilter@6407f7cf, org.springframework.security.web.context.request.async.WebAsyncManagerIntegrationFilter@1b4b7692, org.springframework.security.web.context.SecurityContextPersistenceFilter@ff6813d, org.springframework.security.web.header.HeaderWriterFilter@3652aab4, org.springframework.security.web.authentication.logout.LogoutFilter@7f0cc48d, org.springframework.security.web.authentication.UsernamePasswordAuthenticationFilter@7a00a663, org.springframework.security.web.authentication.www.BasicAuthenticationFilter@7bcf16e5, org.springframework.security.web.savedrequest.RequestCacheAwareFilter@5a5be7c3, org.springframework.security.web.servletapi.SecurityContextHolderAwareRequestFilter@79fff136, org.springframework.security.web.authentication.rememberme.RememberMeAuthenticationFilter@63312d02, org.springframework.security.web.authentication.AnonymousAuthenticationFilter@71f811c4, org.springframework.security.web.session.SessionManagementFilter@513d86e7, org.springframework.security.web.access.ExceptionTranslationFilter@5240e71f, org.springframework.security.web.access.intercept.AuthorizationFilter@7c9c696a]
2023-12-29 21:47:05,777 [WARN] org.springframework.boot.autoconfigure.orm.jpa.JpaBaseConfiguration$JpaWebConfiguration [restartedMain] spring.jpa.open-in-view is enabled by default. Therefore, database queries may be performed during view rendering. Explicitly configure spring.jpa.open-in-view to disable this warning
2023-12-29 21:47:05,976 [INFO] org.springframework.boot.devtools.autoconfigure.OptionalLiveReloadServer [restartedMain] LiveReload server is running on port 35729
2023-12-29 21:47:06,025 [INFO] org.springframework.boot.web.embedded.tomcat.TomcatWebServer [restartedMain] Tomcat started on port(s): 8080 (http) with context path ''
2023-12-29 21:47:06,029 [INFO] org.studyeasy.SpringBlog.SpringBlogApplication [restartedMain] Started SpringBlogApplication in 1.864 seconds (JVM running for 495.735)
2023-12-29 21:47:06,554 [INFO] org.springframework.boot.devtools.autoconfigure.ConditionEvaluationDeltaLoggingListener [restartedMain] Condition evaluation unchanged
